=== CloudForge Platform Final Status ===

=== Pods ===
NAME                                   READY   STATUS             RESTARTS       AGE
auth-deployment-786f888b9b-lq5n9       0/1     Running            9 (5m8s ago)   23m
auth-deployment-789f78fd95-tfpqr       0/1     CrashLoopBackOff   6 (23s ago)    7m54s
auth-deployment-d788cf4ff-dqxwh        0/1     ImagePullBackOff   0              44m
frontend-deployment-6469675bcd-85vtw   1/1     Running            0              7m53s
frontend-deployment-6469675bcd-v4zkf   1/1     Running            0              7m43s
users-deployment-67c6f88bbc-6qlnb      1/1     Running            0              7m32s
users-deployment-67c6f88bbc-rmcrz      1/1     Running            0              7m53s

=== Services ===
NAME               TYPE        CLUSTER-IP      EXTERNAL-IP   PORT(S)          AGE
auth-service       ClusterIP   10.43.68.99     <none>        8001/TCP         71m
frontend-service   NodePort    10.43.179.233   <none>        3000:30080/TCP   71m
users-service      ClusterIP   10.43.8.36      <none>        8002/TCP         71m

=== Recent Pod Logs ===
--- Recent logs for auth-deployment-786f888b9b-lq5n9 ---

--- Recent logs for auth-deployment-789f78fd95-tfpqr ---
                   ^^^^^^^^^^^^^^^^^^^^^^^^^^^
  File "/usr/local/lib/python3.11/site-packages/passlib/handlers/bcrypt.py", line 655, in _calc_checksum
    hash = _bcrypt.hashpw(secret, config)
           ^^^^^^^^^^^^^^^^^^^^^^^^^^^^^^
ValueError: password cannot be longer than 72 bytes, truncate manually if necessary (e.g. my_password[:72])

--- Recent logs for auth-deployment-d788cf4ff-dqxwh ---
No logs available

=== Access URLs ===
Frontend: http://localhost:30080
Auth API: http://localhost:30080/api/auth
Users API: http://localhost:30080/api/users

=== GitHub Repository ===
https://github.com/Kemboi14/cloudforge.git
