Building all CloudForge images...
Building auth service...
STEP 1/12: FROM python:3.11-slim
STEP 2/12: ENV PYTHONDONTWRITEBYTECODE=1     PYTHONUNBUFFERED=1     PORT=8001
--> Using cache 156f079775d6b3293010dac860c784ffd5d454317fb762030f3e60f0dc4d7e60
--> 156f079775d6
STEP 3/12: RUN apt-get update && apt-get install -y     gcc     && rm -rf /var/lib/apt/lists/*
--> Using cache 72c25e2723b9a42dd9f4385355b098f639e8ad08f5c120c6f89c9f4cbbbaa6a3
--> 72c25e2723b9
STEP 4/12: WORKDIR /app
--> Using cache c2faecb6a57583e39cc88a14848ba781323bd3267046812c56c9e670bc79ec4c
--> c2faecb6a575
STEP 5/12: COPY requirements.txt .
--> Using cache 3cb718baeae9baf12f7116bbf245b413e8ed00e79c277fd2eb9194c7e7884ab1
--> 3cb718baeae9
STEP 6/12: RUN pip install --no-cache-dir -r requirements.txt
--> Using cache 826870d2f812f7fc8eaecd6b62ccee39b25b7c49d754aaf089f7885837784b5f
--> 826870d2f812
STEP 7/12: COPY main.py .
--> Using cache 35ac5eef9690f6bcb377e4dede5a58aff9f656280efaf825a679d8fd5f4ead66
--> 35ac5eef9690
STEP 8/12: RUN useradd --create-home --shell /bin/bash app     && chown -R app:app /app
--> Using cache 85b72b10c7255e9a61c4a1a6fac5fd29c7b462be797bca5fcb80fc1e18725e53
--> 85b72b10c725
STEP 9/12: USER app
--> Using cache 893c1478dc7bbf24e4a3f20dbc26c77b9ec0bc953ba0f30b2d6ad6c50980fe60
--> 893c1478dc7b
STEP 10/12: HEALTHCHECK --interval=30s --timeout=30s --start-period=5s --retries=3     CMD curl -f http://localhost:${PORT}/health || exit 1
--> Using cache db0ff6f0d1e52fd37e18f78c803267777e5789fbd617cde53f62faad824159ce
--> db0ff6f0d1e5
STEP 11/12: EXPOSE 8001
--> Using cache bbaa2ba886a827c59679347e3a0df5d6770bd34d7477a4df04c5ceef71b254e0
--> bbaa2ba886a8
STEP 12/12: CMD ["python", "main.py"]
--> Using cache c171b75d983611de1ba8e3490f6342ec27559b5f1a1d94433402f0598d0afab5
COMMIT localhost/cloudforge-auth:latest
--> c171b75d9836
Successfully tagged localhost/cloudforge-auth:latest
c171b75d983611de1ba8e3490f6342ec27559b5f1a1d94433402f0598d0afab5
Building users service...
STEP 1/12: FROM python:3.11-slim
STEP 2/12: ENV PYTHONDONTWRITEBYTECODE=1     PYTHONUNBUFFERED=1     PORT=8002
--> Using cache ba4aadd9f11118e1a26b8b0d184ce4d2ec64eb7a86914a3f7921c4b2acd93889
--> ba4aadd9f111
STEP 3/12: RUN apt-get update && apt-get install -y     gcc     curl     && rm -rf /var/lib/apt/lists/*
--> Using cache cd5fb0347faa5969070b8f770b7a13aa0a1823cbbce0b4b9a3d1de4c42830534
--> cd5fb0347faa
STEP 4/12: WORKDIR /app
--> Using cache 179be3b953c63bd7c06a2f0d68c544556f6f5574c5b72bf4f3af9fe740c8c784
--> 179be3b953c6
STEP 5/12: COPY requirements.txt .
--> 08cacdd2713e
STEP 6/12: RUN pip install --no-cache-dir -r requirements.txt
Collecting fastapi==0.104.1 (from -r requirements.txt (line 1))
  Downloading fastapi-0.104.1-py3-none-any.whl.metadata (24 kB)
Collecting uvicorn==0.24.0 (from uvicorn[standard]==0.24.0->-r requirements.txt (line 2))
  Downloading uvicorn-0.24.0-py3-none-any.whl.metadata (6.4 kB)
Collecting pydantic==2.5.0 (from pydantic[email]==2.5.0->-r requirements.txt (line 3))
  Downloading pydantic-2.5.0-py3-none-any.whl.metadata (174 kB)
     ━━━━━━━━━━━━━━━━━━━━━━━━━━━━━━━━━━━━━━━ 174.6/174.6 kB 1.2 MB/s eta 0:00:00
Collecting python-dotenv==1.0.0 (from -r requirements.txt (line 4))
  Downloading python_dotenv-1.0.0-py3-none-any.whl.metadata (21 kB)
Collecting httpx==0.25.2 (from -r requirements.txt (line 5))
  Downloading httpx-0.25.2-py3-none-any.whl.metadata (6.9 kB)
Collecting anyio<4.0.0,>=3.7.1 (from fastapi==0.104.1->-r requirements.txt (line 1))
  Downloading anyio-3.7.1-py3-none-any.whl.metadata (4.7 kB)
Collecting starlette<0.28.0,>=0.27.0 (from fastapi==0.104.1->-r requirements.txt (line 1))
  Downloading starlette-0.27.0-py3-none-any.whl.metadata (5.8 kB)
Collecting typing-extensions>=4.8.0 (from fastapi==0.104.1->-r requirements.txt (line 1))
  Downloading typing_extensions-4.15.0-py3-none-any.whl.metadata (3.3 kB)
Collecting click>=7.0 (from uvicorn==0.24.0->uvicorn[standard]==0.24.0->-r requirements.txt (line 2))
  Downloading click-8.3.1-py3-none-any.whl.metadata (2.6 kB)
Collecting h11>=0.8 (from uvicorn==0.24.0->uvicorn[standard]==0.24.0->-r requirements.txt (line 2))
  Downloading h11-0.16.0-py3-none-any.whl.metadata (8.3 kB)
Collecting annotated-types>=0.4.0 (from pydantic==2.5.0->pydantic[email]==2.5.0->-r requirements.txt (line 3))
  Downloading annotated_types-0.7.0-py3-none-any.whl.metadata (15 kB)
Collecting pydantic-core==2.14.1 (from pydantic==2.5.0->pydantic[email]==2.5.0->-r requirements.txt (line 3))
  Downloading pydantic_core-2.14.1-cp311-cp311-manylinux_2_17_x86_64.manylinux2014_x86_64.whl.metadata (6.5 kB)
Collecting certifi (from httpx==0.25.2->-r requirements.txt (line 5))
  Downloading certifi-2026.1.4-py3-none-any.whl.metadata (2.5 kB)
Collecting httpcore==1.* (from httpx==0.25.2->-r requirements.txt (line 5))
  Downloading httpcore-1.0.9-py3-none-any.whl.metadata (21 kB)
Collecting idna (from httpx==0.25.2->-r requirements.txt (line 5))
  Downloading idna-3.11-py3-none-any.whl.metadata (8.4 kB)
Collecting sniffio (from httpx==0.25.2->-r requirements.txt (line 5))
  Downloading sniffio-1.3.1-py3-none-any.whl.metadata (3.9 kB)
Collecting email-validator>=2.0.0 (from pydantic[email]==2.5.0->-r requirements.txt (line 3))
  Downloading email_validator-2.3.0-py3-none-any.whl.metadata (26 kB)
Collecting httptools>=0.5.0 (from uvicorn[standard]==0.24.0->-r requirements.txt (line 2))
  Downloading httptools-0.7.1-cp311-cp311-manylinux1_x86_64.manylinux_2_28_x86_64.manylinux_2_5_x86_64.whl.metadata (3.5 kB)
Collecting pyyaml>=5.1 (from uvicorn[standard]==0.24.0->-r requirements.txt (line 2))
  Downloading pyyaml-6.0.3-cp311-cp311-manylinux2014_x86_64.manylinux_2_17_x86_64.manylinux_2_28_x86_64.whl.metadata (2.4 kB)
Collecting uvloop!=0.15.0,!=0.15.1,>=0.14.0 (from uvicorn[standard]==0.24.0->-r requirements.txt (line 2))
  Downloading uvloop-0.22.1-cp311-cp311-manylinux2014_x86_64.manylinux_2_17_x86_64.manylinux_2_28_x86_64.whl.metadata (4.9 kB)
Collecting watchfiles>=0.13 (from uvicorn[standard]==0.24.0->-r requirements.txt (line 2))
  Downloading watchfiles-1.1.1-cp311-cp311-manylinux_2_17_x86_64.manylinux2014_x86_64.whl.metadata (4.9 kB)
Collecting websockets>=10.4 (from uvicorn[standard]==0.24.0->-r requirements.txt (line 2))
  Downloading websockets-16.0-cp311-cp311-manylinux1_x86_64.manylinux_2_28_x86_64.manylinux_2_5_x86_64.whl.metadata (6.8 kB)
Collecting dnspython>=2.0.0 (from email-validator>=2.0.0->pydantic[email]==2.5.0->-r requirements.txt (line 3))
  Downloading dnspython-2.8.0-py3-none-any.whl.metadata (5.7 kB)
Downloading fastapi-0.104.1-py3-none-any.whl (92 kB)
   ━━━━━━━━━━━━━━━━━━━━━━━━━━━━━━━━━━━━━━━━ 92.9/92.9 kB 7.6 MB/s eta 0:00:00
Downloading uvicorn-0.24.0-py3-none-any.whl (59 kB)
   ━━━━━━━━━━━━━━━━━━━━━━━━━━━━━━━━━━━━━━━━ 59.6/59.6 kB 8.9 MB/s eta 0:00:00
Downloading pydantic-2.5.0-py3-none-any.whl (407 kB)
   ━━━━━━━━━━━━━━━━━━━━━━━━━━━━━━━━━━━━━━━━ 407.5/407.5 kB 4.9 MB/s eta 0:00:00
Downloading python_dotenv-1.0.0-py3-none-any.whl (19 kB)
Downloading httpx-0.25.2-py3-none-any.whl (74 kB)
   ━━━━━━━━━━━━━━━━━━━━━━━━━━━━━━━━━━━━━━━━ 75.0/75.0 kB 97.7 MB/s eta 0:00:00
Downloading httpcore-1.0.9-py3-none-any.whl (78 kB)
   ━━━━━━━━━━━━━━━━━━━━━━━━━━━━━━━━━━━━━━━━ 78.8/78.8 kB 94.4 MB/s eta 0:00:00
Downloading pydantic_core-2.14.1-cp311-cp311-manylinux_2_17_x86_64.manylinux2014_x86_64.whl (2.1 MB)
   ━━━━━━━━━━━━━━━━━━━━━━━━━━━━━━━━━━━━━━━━ 2.1/2.1 MB 11.5 MB/s eta 0:00:00
Downloading annotated_types-0.7.0-py3-none-any.whl (13 kB)
Downloading anyio-3.7.1-py3-none-any.whl (80 kB)
   ━━━━━━━━━━━━━━━━━━━━━━━━━━━━━━━━━━━━━━━━ 80.9/80.9 kB 56.6 MB/s eta 0:00:00
Downloading click-8.3.1-py3-none-any.whl (108 kB)
   ━━━━━━━━━━━━━━━━━━━━━━━━━━━━━━━━━━━━━━━━ 108.3/108.3 kB 26.2 MB/s eta 0:00:00
Downloading email_validator-2.3.0-py3-none-any.whl (35 kB)
Downloading h11-0.16.0-py3-none-any.whl (37 kB)
Downloading httptools-0.7.1-cp311-cp311-manylinux1_x86_64.manylinux_2_28_x86_64.manylinux_2_5_x86_64.whl (456 kB)
   ━━━━━━━━━━━━━━━━━━━━━━━━━━━━━━━━━━━━━━━━ 456.6/456.6 kB 19.1 MB/s eta 0:00:00
Downloading idna-3.11-py3-none-any.whl (71 kB)
   ━━━━━━━━━━━━━━━━━━━━━━━━━━━━━━━━━━━━━━━━ 71.0/71.0 kB 101.4 MB/s eta 0:00:00
Downloading pyyaml-6.0.3-cp311-cp311-manylinux2014_x86_64.manylinux_2_17_x86_64.manylinux_2_28_x86_64.whl (806 kB)
   ━━━━━━━━━━━━━━━━━━━━━━━━━━━━━━━━━━━━━━━━ 806.6/806.6 kB 18.6 MB/s eta 0:00:00
Downloading sniffio-1.3.1-py3-none-any.whl (10 kB)
Downloading starlette-0.27.0-py3-none-any.whl (66 kB)
   ━━━━━━━━━━━━━━━━━━━━━━━━━━━━━━━━━━━━━━━━ 67.0/67.0 kB 69.8 MB/s eta 0:00:00
Downloading typing_extensions-4.15.0-py3-none-any.whl (44 kB)
   ━━━━━━━━━━━━━━━━━━━━━━━━━━━━━━━━━━━━━━━━ 44.6/44.6 kB 122.0 MB/s eta 0:00:00
Downloading uvloop-0.22.1-cp311-cp311-manylinux2014_x86_64.manylinux_2_17_x86_64.manylinux_2_28_x86_64.whl (3.8 MB)
   ━━━━━━━━━━━━━━━━━━━━━━━━━━━━━━━━━━━━━━━━ 3.8/3.8 MB 16.1 MB/s eta 0:00:00
Downloading watchfiles-1.1.1-cp311-cp311-manylinux_2_17_x86_64.manylinux2014_x86_64.whl (456 kB)
   ━━━━━━━━━━━━━━━━━━━━━━━━━━━━━━━━━━━━━━━━ 456.1/456.1 kB 25.2 MB/s eta 0:00:00
Downloading websockets-16.0-cp311-cp311-manylinux1_x86_64.manylinux_2_28_x86_64.manylinux_2_5_x86_64.whl (184 kB)
   ━━━━━━━━━━━━━━━━━━━━━━━━━━━━━━━━━━━━━━━━ 184.6/184.6 kB 30.6 MB/s eta 0:00:00
Downloading certifi-2026.1.4-py3-none-any.whl (152 kB)
   ━━━━━━━━━━━━━━━━━━━━━━━━━━━━━━━━━━━━━━━━ 152.9/152.9 kB 28.5 MB/s eta 0:00:00
Downloading dnspython-2.8.0-py3-none-any.whl (331 kB)
   ━━━━━━━━━━━━━━━━━━━━━━━━━━━━━━━━━━━━━━━━ 331.1/331.1 kB 25.7 MB/s eta 0:00:00
Installing collected packages: websockets, uvloop, typing-extensions, sniffio, pyyaml, python-dotenv, idna, httptools, h11, dnspython, click, certifi, annotated-types, uvicorn, pydantic-core, httpcore, email-validator, anyio, watchfiles, starlette, pydantic, httpx, fastapi
Successfully installed annotated-types-0.7.0 anyio-3.7.1 certifi-2026.1.4 click-8.3.1 dnspython-2.8.0 email-validator-2.3.0 fastapi-0.104.1 h11-0.16.0 httpcore-1.0.9 httptools-0.7.1 httpx-0.25.2 idna-3.11 pydantic-2.5.0 pydantic-core-2.14.1 python-dotenv-1.0.0 pyyaml-6.0.3 sniffio-1.3.1 starlette-0.27.0 typing-extensions-4.15.0 uvicorn-0.24.0 uvloop-0.22.1 watchfiles-1.1.1 websockets-16.0
WARNING: Running pip as the 'root' user can result in broken permissions and conflicting behaviour with the system package manager. It is recommended to use a virtual environment instead: https://pip.pypa.io/warnings/venv

[notice] A new release of pip is available: 24.0 -> 25.3
[notice] To update, run: pip install --upgrade pip
--> c38e9d5e1c5d
STEP 7/12: COPY main.py .
--> d27914209264
STEP 8/12: RUN useradd --create-home --shell /bin/bash app     && chown -R app:app /app
--> 80bba964a12b
STEP 9/12: USER app
--> 6a9243dc19ff
STEP 10/12: HEALTHCHECK --interval=30s --timeout=30s --start-period=5s --retries=3     CMD curl -f http://localhost:${PORT}/health || exit 1
time="2026-01-12T14:39:35+03:00" level=warning msg="HEALTHCHECK is not supported for OCI image format and will be ignored. Must use `docker` format"
--> cb2f6f4d838b
STEP 11/12: EXPOSE 8002
time="2026-01-12T14:39:35+03:00" level=warning msg="HEALTHCHECK is not supported for OCI image format and will be ignored. Must use `docker` format"
--> 4ddf409eb6ca
STEP 12/12: CMD ["python", "main.py"]
COMMIT localhost/cloudforge-users:latest
time="2026-01-12T14:39:36+03:00" level=warning msg="HEALTHCHECK is not supported for OCI image format and will be ignored. Must use `docker` format"
--> 7a8a63754314
Successfully tagged localhost/cloudforge-users:latest
7a8a637543143de1e4db912a277ba11782ec3491fb2e9ca6ef71267a9f4cb27e
Building frontend...
[1/2] STEP 1/6: FROM node:18-alpine AS builder
[1/2] STEP 2/6: WORKDIR /app
--> Using cache 0c930e3ad395e3dee984898f5494dc8078b119337c2c24433c46e4530a5c3a40
--> 0c930e3ad395
[1/2] STEP 3/6: COPY package*.json ./
--> Using cache 39c09918bdb5d5677521e56975604e236f3a8fef3934c57d5566ef76ab53e441
--> 39c09918bdb5
[1/2] STEP 4/6: RUN npm install
--> Using cache 4659c82c305f8e23fc7d8a1ccf52b947344771bfb19b82b959473dd96f5aa5ee
--> 4659c82c305f
[1/2] STEP 5/6: COPY . .
--> Using cache b4908ac9c85287e821007c1f3311abde21a3390a2a94aca77033b47b9582cdc0
--> b4908ac9c852
[1/2] STEP 6/6: RUN npm run build
--> Using cache 1cd8ba288749a5dc985fed7bcd605c00cf9758d3dc106a6647ea67e70ff8a553
--> 1cd8ba288749
[2/2] STEP 1/6: FROM nginx:alpine
[2/2] STEP 2/6: COPY --from=builder /app/build /usr/share/nginx/html
--> Using cache a5dc2f5b59fdd5cc8affa4f536f8f2ec9a7fc3dc269017ca5dec14a60603ae19
--> a5dc2f5b59fd
[2/2] STEP 3/6: COPY nginx.conf /etc/nginx/conf.d/default.conf
--> Using cache f75bc927ea606c37bf3c11f775387c4f1d365da8b0b0c3277dc7a78656940334
--> f75bc927ea60
[2/2] STEP 4/6: RUN addgroup -g 1001 -S nodejs &&     adduser -S nextjs -u 1001
--> Using cache 9a611a374f02c21f67cfe4f68e2fc0d64c7001eb35cb5346f017678f180bf95f
--> 9a611a374f02
[2/2] STEP 5/6: EXPOSE 3000
--> Using cache 637d22b833993be5f49e4f2ba554625ff6d5b82b59e06abe29b45ffa7a97b6d3
--> 637d22b83399
[2/2] STEP 6/6: CMD ["nginx", "-g", "daemon off;"]
--> Using cache bd44ac682184ed05540d6b6c7b6832df4d132ce5e215ee05a017cd8abaa87e5a
[2/2] COMMIT localhost/cloudforge-frontend:latest
--> bd44ac682184
Successfully tagged localhost/cloudforge-frontend:latest
bd44ac682184ed05540d6b6c7b6832df4d132ce5e215ee05a017cd8abaa87e5a
All images built successfully!
localhost/cloudforge-users     latest      7a8a63754314  33 seconds ago     400 MB
localhost/cloudforge-frontend  latest      bd44ac682184  About an hour ago  64.1 MB
localhost/cloudforge-auth      latest      c171b75d9836  About an hour ago  405 MB
